#
# There is insufficient memory for the Java Runtime Environment to continue.
# Native memory allocation (malloc) failed to allocate 1048576 bytes for AllocateHeap
# Possible reasons:
#   The system is out of physical RAM or swap space
#   In 32 bit mode, the process size limit was hit
# Possible solutions:
#   Reduce memory load on the system
#   Increase physical memory or swap space
#   Check if swap backing store is full
#   Use 64 bit Java on a 64 bit OS
#   Decrease Java heap size (-Xmx/-Xms)
#   Decrease number of Java threads
#   Decrease Java thread stack sizes (-Xss)
#   Set larger code cache with -XX:ReservedCodeCacheSize=
# This output file may be truncated or incomplete.
#
#  Out of Memory Error (memory/allocation.inline.hpp:61), pid=22132, tid=0x0000000000001838
#
# JRE version:  (8.0) (build )
# Java VM: OpenJDK 64-Bit Server VM (25.71-b00 mixed mode windows-amd64 compressed oops)
# Failed to write core dump. Minidumps are not enabled by default on client versions of Windows
#

---------------  T H R E A D  ---------------

Current thread (0x00000000025d4800):  JavaThread "Unknown thread" [_thread_in_vm, id=6200, stack(0x00000000024d0000,0x00000000025d0000)]

Stack: [0x00000000024d0000,0x00000000025d0000]
[error occurred during error reporting (printing stack bounds), id 0xc0000005]

Native frames: (J=compiled Java code, j=interpreted, Vv=VM code, C=native code)


---------------  P R O C E S S  ---------------

Java Threads: ( => current thread )

Other Threads:

=>0x00000000025d4800 (exited) JavaThread "Unknown thread" [_thread_in_vm, id=6200, stack(0x00000000024d0000,0x00000000025d0000)]

VM state:not at safepoint (normal execution)

VM Mutex/Monitor currently owned by a thread: None

Heap:
 PSYoungGen      total 76288K, used 1310K [0x000000076af80000, 0x0000000770480000, 0x00000007c0000000)
  eden space 65536K, 2% used [0x000000076af80000,0x000000076b0c7af0,0x000000076ef80000)
  from space 10752K, 0% used [0x000000076fa00000,0x000000076fa00000,0x0000000770480000)
  to   space 10752K, 0% used [0x000000076ef80000,0x000000076ef80000,0x000000076fa00000)
 ParOldGen       total 175104K, used 0K [0x00000006c0e00000, 0x00000006cb900000, 0x000000076af80000)
  object space 175104K, 0% used [0x00000006c0e00000,0x00000006c0e00000,0x00000006cb900000)
 Metaspace       used 777K, capacity 4480K, committed 4480K, reserved 1056768K
  class space    used 74K, capacity 384K, committed 384K, reserved 1048576K

Card table byte_map: [0x0000000011a90000,0x0000000012290000] byte_map_base: 0x000000000e489000

Marking Bits: (ParMarkBitMap*) 0x000000005a88be50
 Begin Bits: [0x00000000131f0000, 0x00000000171b8000)
 End Bits:   [0x00000000171b8000, 0x000000001b180000)

Polling page: 0x0000000000b10000

CodeCache: size=245760Kb used=327Kb max_used=327Kb free=245432Kb
 bounds [0x00000000026d0000, 0x0000000002940000, 0x00000000116d0000]
 total_blobs=56 nmethods=0 adapters=38
 compilation: enabled

Compilation events (0 events):
No events

GC Heap History (0 events):
No events

Deoptimization events (0 events):
No events

Classes redefined (0 events):
No events

Internal exceptions (0 events):
No events

Events (10 events):
Event: 0.015 loading class java/lang/Short
Event: 0.015 loading class java/lang/Short done
Event: 0.015 loading class java/lang/Integer
Event: 0.015 loading class java/lang/Integer done
Event: 0.015 loading class java/lang/Long
Event: 0.015 loading class java/lang/Long done
Event: 0.015 loading class java/lang/NullPointerException
Event: 0.015 loading class java/lang/NullPointerException done
Event: 0.015 loading class java/lang/ArithmeticException
Event: 0.016 loading class java/lang/ArithmeticException done


Dynamic libraries:
0x00007ff61d350000 - 0x00007ff61d385000 	A:\UnityEditors\Hub\Editor\2020.3.13f1\Editor\Data\PlaybackEngines\AndroidPlayer\OpenJDK\bin\java.exe
0x00007ffe1e350000 - 0x00007ffe1e546000 	C:\Windows\SYSTEM32\ntdll.dll
0x00007ffe1cbf0000 - 0x00007ffe1ccad000 	C:\Windows\System32\KERNEL32.DLL
0x00007ffe1ba90000 - 0x00007ffe1bd59000 	C:\Windows\System32\KERNELBASE.dll
0x00007ffe1d970000 - 0x00007ffe1da1c000 	C:\Windows\System32\ADVAPI32.dll
0x00007ffe1e090000 - 0x00007ffe1e12e000 	C:\Windows\System32\msvcrt.dll
0x00007ffe1ddb0000 - 0x00007ffe1de4c000 	C:\Windows\System32\sechost.dll
0x00007ffe1cfc0000 - 0x00007ffe1d0eb000 	C:\Windows\System32\RPCRT4.dll
0x00007ffe1da80000 - 0x00007ffe1dc20000 	C:\Windows\System32\USER32.dll
0x00007ffe1be50000 - 0x00007ffe1be72000 	C:\Windows\System32\win32u.dll
0x00007ffe1cf30000 - 0x00007ffe1cf5a000 	C:\Windows\System32\GDI32.dll
0x00007ffe1bfe0000 - 0x00007ffe1c0e9000 	C:\Windows\System32\gdi32full.dll
0x00007ffe1bdb0000 - 0x00007ffe1be4d000 	C:\Windows\System32\msvcp_win.dll
0x00007ffe1bee0000 - 0x00007ffe1bfe0000 	C:\Windows\System32\ucrtbase.dll
0x00007ffe06960000 - 0x00007ffe06bfb000 	C:\Windows\WinSxS\amd64_microsoft.windows.common-controls_6595b64144ccf1df_6.0.19041.488_none_ca04af081b815d21\COMCTL32.dll
0x00007ffe1cf00000 - 0x00007ffe1cf30000 	C:\Windows\System32\IMM32.DLL
0x000000005a910000 - 0x000000005a9e2000 	A:\UnityEditors\Hub\Editor\2020.3.13f1\Editor\Data\PlaybackEngines\AndroidPlayer\OpenJDK\jre\bin\msvcr100.dll
0x000000005a0c0000 - 0x000000005a909000 	A:\UnityEditors\Hub\Editor\2020.3.13f1\Editor\Data\PlaybackEngines\AndroidPlayer\OpenJDK\jre\bin\server\jvm.dll
0x00007ffe1dc80000 - 0x00007ffe1dc88000 	C:\Windows\System32\PSAPI.DLL
0x00007ffe17540000 - 0x00007ffe17549000 	C:\Windows\SYSTEM32\WSOCK32.dll
0x00007ffe15970000 - 0x00007ffe1597a000 	C:\Windows\SYSTEM32\VERSION.dll
0x00007ffe0e220000 - 0x00007ffe0e247000 	C:\Windows\SYSTEM32\WINMM.dll
0x00007ffe1dee0000 - 0x00007ffe1df4b000 	C:\Windows\System32\WS2_32.dll
0x00007ffdfac50000 - 0x00007ffdfac5f000 	A:\UnityEditors\Hub\Editor\2020.3.13f1\Editor\Data\PlaybackEngines\AndroidPlayer\OpenJDK\jre\bin\verify.dll
0x00007ffde3ee0000 - 0x00007ffde3f09000 	A:\UnityEditors\Hub\Editor\2020.3.13f1\Editor\Data\PlaybackEngines\AndroidPlayer\OpenJDK\jre\bin\java.dll
0x00007ffdf02e0000 - 0x00007ffdf02f6000 	A:\UnityEditors\Hub\Editor\2020.3.13f1\Editor\Data\PlaybackEngines\AndroidPlayer\OpenJDK\jre\bin\zip.dll

VM Arguments:
jvm_args: -Dfile.encoding=UTF-8 -Dcom.android.sdklib.toolsdir=A:\UnityEditors\Hub\Editor\2020.3.13f1\Editor\Data\PlaybackEngines\AndroidPlayer\SDK\tools\bin\\.. 
java_command: com.android.sdklib.tool.sdkmanager.SdkManagerCli --list
java_class_path (initial): A:\UnityEditors\Hub\Editor\2020.3.13f1\Editor\Data\PlaybackEngines\AndroidPlayer\SDK\tools\bin\..\lib\dvlib-26.0.0-dev.jar;A:\UnityEditors\Hub\Editor\2020.3.13f1\Editor\Data\PlaybackEngines\AndroidPlayer\SDK\tools\bin\..\lib\jimfs-1.1.jar;A:\UnityEditors\Hub\Editor\2020.3.13f1\Editor\Data\PlaybackEngines\AndroidPlayer\SDK\tools\bin\..\lib\jsr305-1.3.9.jar;A:\UnityEditors\Hub\Editor\2020.3.13f1\Editor\Data\PlaybackEngines\AndroidPlayer\SDK\tools\bin\..\lib\repository-26.0.0-dev.jar;A:\UnityEditors\Hub\Editor\2020.3.13f1\Editor\Data\PlaybackEngines\AndroidPlayer\SDK\tools\bin\..\lib\j2objc-annotations-1.1.jar;A:\UnityEditors\Hub\Editor\2020.3.13f1\Editor\Data\PlaybackEngines\AndroidPlayer\SDK\tools\bin\..\lib\layoutlib-api-26.0.0-dev.jar;A:\UnityEditors\Hub\Editor\2020.3.13f1\Editor\Data\PlaybackEngines\AndroidPlayer\SDK\tools\bin\..\lib\gson-2.3.jar;A:\UnityEditors\Hub\Editor\2020.3.13f1\Editor\Data\PlaybackEngines\AndroidPlayer\SDK\tools\bin\..\lib\httpcore-4.2.5.jar;A:\UnityEditors\Hub\Editor\2020.3.13f1\Editor\Data\PlaybackEngines\AndroidPlayer\SDK\tools\bin\..\lib\commons-logging-1.1.1.jar;A:\UnityEditors\Hub\Editor\2020.3.13f1\Editor\Data\PlaybackEngines\AndroidPlayer\SDK\tools\bin\..\lib\commons-compress-1.12.jar;A:\UnityEditors\Hub\Editor\2020.3.13f1\Editor\Data\PlaybackEngines\AndroidPlayer\SDK\tools\bin\..\lib\annotations-26.0.0-dev.jar;A:\UnityEditors\Hub\Editor\2020.3.13f1\Editor\Data\PlaybackEngines\AndroidPlayer\SDK\tools\bin\..\lib\error_prone_annotations-2.0.18.jar;A:\UnityEditors\Hub\Editor\2020.3.13f1\Editor\Data\PlaybackEngines\AndroidPlayer\SDK\tools\bin\..\lib\animal-sniffer-annotations-1.14.jar;A:\UnityEditors\Hub\Editor\2020.3.13f1\Editor\Data\PlaybackEngines\AndroidPlayer\SDK\tools\bin\..\lib\httpclient-4.2.6.jar;A:\UnityEditors\Hub\Editor\2020.3.13f1\Editor\Data\PlaybackEngines\AndroidPlayer\SDK\tools\bin\..\lib\commons-codec-1.6.jar;A:\UnityEditors\Hub\Editor\2020.3.13f1\Editor\Data\PlaybackEngines\AndroidPlayer\S
Launcher Type: SUN_STANDARD

Environment Variables:
JAVA_HOME=A:\UnityEditors\Hub\Editor\2020.3.13f1\Editor\Data\PlaybackEngines\AndroidPlayer\OpenJDK
JAVA_TOOL_OPTIONS=-Dfile.encoding=UTF-8
PATH=C:\Program Files (x86)\NVIDIA Corporation\PhysX\Common;C:\Program Files (x86)\Common Files\Oracle\Java\javapath;C:\Windows\system32;C:\Windows;C:\Windows\System32\Wbem;C:\Windows\System32\WindowsPowerShell\v1.0\;A:\Programms\Git\cmd;C:\Users\k4rtoshka\AppData\Local\Microsoft\WindowsApps;C:\Users\k4rtoshka\AppData\Local\GitHubDesktop\bin;A:\Programms\GitHubDesktop\bin
USERNAME=k4rtoshka
OS=Windows_NT
PROCESSOR_IDENTIFIER=AMD64 Family 23 Model 8 Stepping 2, AuthenticAMD



---------------  S Y S T E M  ---------------

OS: Windows 10.0 , 64 bit Build 19041 (10.0.19041.662)

CPU:total 12 (initial active 12) (12 cores per cpu, 1 threads per core) family 23 model 8 stepping 2, cmov, cx8, fxsr, mmx, sse, sse2, sse3, ssse3, sse4.1, sse4.2, popcnt, avx, avx2, aes, clmul, mmxext, 3dnowpref, lzcnt, sse4a, tsc, tscinvbit, tscinv, bmi1

Memory: 4k page, physical 16712336k(3612960k free), swap 26921224k(5560k free)

vm_info: OpenJDK 64-Bit Server VM (25.71-b00) for windows-amd64 JRE (1.8.0-adoptopenjdk-_2018_05_19_00_59-b00), built on May 19 2018 01:02:12 by "jenkins" with MS VC++ 10.0 (VS2010)

time: Sat Dec 04 14:06:33 2021
elapsed time: 0 seconds (0d 0h 0m 0s)

